<?xml version="1.0" encoding="UTF-8"?>
<testng-results ignored="0" total="3" passed="3" failed="0" skipped="0">
  <reporter-output>
  </reporter-output>
  <suite started-at="2025-10-17T23:19:53 IST" name="Amazon Suite" finished-at="2025-10-17T23:21:54 IST" duration-ms="121452">
    <groups>
    </groups>
    <test started-at="2025-10-17T23:19:53 IST" name="Chrome Test" finished-at="2025-10-17T23:21:51 IST" duration-ms="118196">
      <class name="selenium.Cross_browser">
        <test-method signature="browserTest(java.lang.String)[pri:0, instance:selenium.Cross_browser@5e0826e7]" started-at="2025-10-17T23:19:53 IST" name="browserTest" finished-at="2025-10-17T23:21:50 IST" duration-ms="117388" status="PASS">
          <params>
            <param index="0">
              <value>
                <![CDATA[chrome]]>
              </value>
            </param>
          </params>
          <reporter-output>
          </reporter-output>
        </test-method> <!-- browserTest -->
      </class> <!-- selenium.Cross_browser -->
    </test> <!-- Chrome Test -->
    <test started-at="2025-10-17T23:19:53 IST" name="Edge Test" finished-at="2025-10-17T23:21:53 IST" duration-ms="119956">
      <class name="selenium.Cross_browser">
        <test-method signature="browserTest(java.lang.String)[pri:0, instance:selenium.Cross_browser@4f83df68]" started-at="2025-10-17T23:19:53 IST" name="browserTest" finished-at="2025-10-17T23:21:53 IST" duration-ms="119863" status="PASS">
          <params>
            <param index="0">
              <value>
                <![CDATA[edge]]>
              </value>
            </param>
          </params>
          <reporter-output>
          </reporter-output>
        </test-method> <!-- browserTest -->
      </class> <!-- selenium.Cross_browser -->
    </test> <!-- Edge Test -->
    <test started-at="2025-10-17T23:19:53 IST" name="Firefox Test" finished-at="2025-10-17T23:21:54 IST" duration-ms="121452">
      <class name="selenium.Cross_browser">
        <test-method signature="browserTest(java.lang.String)[pri:0, instance:selenium.Cross_browser@1bd4fdd]" started-at="2025-10-17T23:19:53 IST" name="browserTest" finished-at="2025-10-17T23:21:54 IST" duration-ms="121375" status="PASS">
          <params>
            <param index="0">
              <value>
                <![CDATA[firefox]]>
              </value>
            </param>
          </params>
          <reporter-output>
          </reporter-output>
        </test-method> <!-- browserTest -->
      </class> <!-- selenium.Cross_browser -->
    </test> <!-- Firefox Test -->
  </suite> <!-- Amazon Suite -->
</testng-results>
